EasyBrowser/proguard/seeds.txt
com.google.ads.v
com.google.ads.u
com.google.ads.t
com.google.ads.s
com.google.ads.q
com.google.ads.p
com.google.ads.o
com.google.ads.n
com.google.ads.m
com.google.ads.l
com.google.ads.k
com.google.ads.j
com.google.ads.i
com.google.ads.h
com.google.ads.g
com.google.ads.AdView
com.google.ads.y
com.google.ads.z
com.google.ads.w
com.google.ads.x
com.google.ads.R$layout
com.google.ads.Ad
com.google.ads.ab$b
com.google.ads.AdActivity
com.google.ads.R
com.google.ads.AdListener
com.google.ads.a
com.google.ads.b
com.google.ads.c
com.google.ads.d
com.google.ads.e
com.google.ads.f
com.google.ads.AdRequest$ErrorCode
com.google.ads.InterstitialAd
com.google.ads.R$attr
com.google.ads.ab
com.google.ads.aa
com.google.ads.AdRequest
com.google.ads.AdSize
com.google.ads.R$id
com.google.ads.AdRequest$Gender
easy.lib.wrapAdView
easy.lib.wrapAdView$Listener
com.google.ads.AdView
com.google.ads.AdView: AdView(android.content.Context,android.util.AttributeSet)
com.google.ads.AdView
com.google.ads.AdView: AdView(android.content.Context,android.util.AttributeSet,int)
com.google.ads.searchads.SearchAdRequest$BorderType: com.google.ads.searchads.SearchAdRequest$BorderType[] values()
com.google.ads.searchads.SearchAdRequest$BorderType: com.google.ads.searchads.SearchAdRequest$BorderType valueOf(java.lang.String)
com.google.ads.ab$b: com.google.ads.ab$b[] values()
com.google.ads.ab$b: com.google.ads.ab$b valueOf(java.lang.String)
com.google.ads.AdRequest$ErrorCode: com.google.ads.AdRequest$ErrorCode[] values()
com.google.ads.AdRequest$ErrorCode: com.google.ads.AdRequest$ErrorCode valueOf(java.lang.String)
com.google.ads.util.AdUtil$a: com.google.ads.util.AdUtil$a[] values()
com.google.ads.util.AdUtil$a: com.google.ads.util.AdUtil$a valueOf(java.lang.String)
com.google.ads.AdRequest$Gender: com.google.ads.AdRequest$Gender[] values()
com.google.ads.AdRequest$Gender: com.google.ads.AdRequest$Gender valueOf(java.lang.String)
easy.lib.SimpleBrowser$MyWebview$MyJavaScriptInterface: void processHTML(java.lang.String)
easy.lib.SimpleBrowser$MyWebview$MyJavaScriptInterface: void saveCollapseState(int,boolean)
easy.lib.SimpleBrowser$MyWebview$3: void openFileChooser(android.webkit.ValueCallback,java.lang.String)
easy.lib.SimpleBrowser$MyWebview$3: void openFileChooser(android.webkit.ValueCallback)
easy.lib.SimpleBrowser: int FILECHOOSER_RESULTCODE
com.google.ads.AdActivity
easy.lib.downloadControl
easy.lib.AboutBrowser
easy.lib.SimpleBrowser
easy.lib.MyApp
com.google.ads.util.AdUtil$UserActivityReceiver
com.google.ads.AdActivity: void onClick(android.view.View)