EasyBrowser/proguard/mapping.txt
com.google.ads.Ad -> com.google.ads.Ad:
com.google.ads.AdActivity -> com.google.ads.AdActivity:
    java.lang.Object a -> a
    com.google.ads.AdActivity b -> b
    com.google.ads.d c -> c
    com.google.ads.AdActivity d -> d
    com.google.ads.AdActivity e -> e
    com.google.ads.h f -> f
    boolean g -> g
    long h -> h
    android.widget.RelativeLayout i -> i
    com.google.ads.AdActivity j -> j
    boolean k -> k
    com.google.ads.g l -> l
    161:163:void a(java.lang.String) -> a
    174:176:void a(java.lang.String,java.lang.Throwable) -> a
    183:183:com.google.ads.g getAdVideoView() -> a
    193:215:com.google.ads.h getOpeningAdWebView() -> b
    222:224:boolean isShowing() -> c
    235:261:void launchAdActivity(com.google.ads.d,com.google.ads.e) -> a
    349:362:void a(com.google.ads.d) -> a
    370:374:void moveAdVideoView(int,int,int,int) -> a
    381:400:void newAdVideoView(int,int,int,int) -> b
    407:413:android.widget.RelativeLayout$LayoutParams a(int,int,int,int) -> c
    424:425:void onClick(android.view.View) -> onClick
    436:560:void onCreate(android.os.Bundle) -> onCreate
    579:620:void a(com.google.ads.h,boolean,int) -> a
    632:647:void onDestroy() -> onDestroy
    657:662:void onPause() -> onPause
    670:727:void a() -> d
    737:746:void onWindowFocusChanged(boolean) -> onWindowFocusChanged
    757:781:void onActivityResult(int,int,android.content.Intent) -> onActivityResult
com.google.ads.AdListener -> com.google.ads.AdListener:
    void onFailedToReceiveAd$7b642d25() -> a
    void onDismissScreen$51b51722() -> b
com.google.ads.AdRequest -> com.google.ads.AdRequest:
    com.google.ads.AdRequest$Gender a -> b
    java.lang.String b -> c
    java.util.Set c -> d
    boolean d -> e
    java.util.Map e -> f
    android.location.Location f -> g
    boolean g -> h
    boolean h -> i
    java.lang.String TEST_EMULATOR -> a
    java.util.Set i -> j
    221:226:void addKeyword(java.lang.String) -> a
    252:257:void addExtra(java.lang.String,java.lang.Object) -> a
    292:347:java.util.Map getRequestMap(android.content.Context) -> a
    368:373:void addTestDevice(java.lang.String) -> b
com.google.ads.AdRequest$ErrorCode -> com.google.ads.AdRequest$ErrorCode:
    com.google.ads.AdRequest$ErrorCode INVALID_REQUEST -> a
    com.google.ads.AdRequest$ErrorCode NO_FILL -> b
    com.google.ads.AdRequest$ErrorCode NETWORK_ERROR -> c
    com.google.ads.AdRequest$ErrorCode INTERNAL_ERROR -> d
    java.lang.String a -> e
    com.google.ads.AdRequest$ErrorCode[] b -> f
    36:36:com.google.ads.AdRequest$ErrorCode[] values() -> values
    36:36:com.google.ads.AdRequest$ErrorCode valueOf(java.lang.String) -> valueOf
    79:79:java.lang.String toString() -> toString
com.google.ads.AdRequest$Gender -> com.google.ads.AdRequest$Gender:
    com.google.ads.AdRequest$Gender UNKNOWN -> a
    com.google.ads.AdRequest$Gender MALE -> b
    com.google.ads.AdRequest$Gender FEMALE -> c
    com.google.ads.AdRequest$Gender[] a -> d
    86:86:com.google.ads.AdRequest$Gender[] values() -> values
    86:86:com.google.ads.AdRequest$Gender valueOf(java.lang.String) -> valueOf
com.google.ads.AdSize -> com.google.ads.AdSize:
    com.google.ads.AdSize BANNER -> a
    com.google.ads.AdSize IAB_MRECT -> b
    com.google.ads.AdSize IAB_BANNER -> c
    com.google.ads.AdSize IAB_LEADERBOARD -> d
    int a -> e
    int b -> f
    java.lang.String c -> g
    60:60:int getWidth() -> a
    69:69:int getHeight() -> b
    79:79:java.lang.String toString() -> toString