EasyBrowser/proguard/usage.txt
easy.browser.R
easy.browser.R$attr
easy.browser.R$drawable
easy.browser.R$id
easy.browser.R$layout
easy.browser.R$string
...
com.google.ads.Ad:
    public abstract boolean isReady()
    public abstract void loadAd(com.google.ads.AdRequest)
    public abstract void setAdListener(com.google.ads.AdListener)
    public abstract void stopLoading()
com.google.ads.AdActivity:
    public static final java.lang.String BASE_URL_PARAM
    public static final java.lang.String HTML_PARAM
    public static final java.lang.String URL_PARAM
    public static final java.lang.String INTENT_ACTION_PARAM
    public static final java.lang.String TYPE_PARAM
    public static final java.lang.String ORIENTATION_PARAM
com.google.ads.AdRequest:
    public static final java.lang.String VERSION
    public static final java.lang.String LOGTAG
    173:174:public void setGender(com.google.ads.AdRequest$Gender)
    184:185:public void setBirthday(java.lang.String)
    196:197:public void setPlusOneOptOut(boolean)
    208:209:public void setKeywords(java.util.Set)
    238:239:public void setExtras(java.util.Map)
    267:268:public void setLocation(android.location.Location)
    281:282:public void setTesting(boolean)
    385:386:public void setTestDevices(java.util.Set)
com.google.ads.AdSize:
    38:39:public AdSize(int,int)
com.google.ads.AdView:
    478:482:public boolean isReady()
    535:536:public void stopLoading()
com.google.ads.InterstitialAd:
    private com.google.ads.d a
    73:74:public InterstitialAd(android.app.Activity,java.lang.String)
    88:91:public InterstitialAd(android.app.Activity,java.lang.String,boolean)
    100:100:public boolean isReady()
    112:113:public void loadAd(com.google.ads.AdRequest)
    122:135:public void show()
    146:147:public void setAdListener(com.google.ads.AdListener)
    156:157:public void stopLoading()
com.google.ads.R$id:
    public static final int admob_adView_320_50_test_1
    public static final int admob_adView_320_50_test_2
    public static final int admob_adView_320_50_test_3
    public static final int admob_adView_320_50_test_4
    public static final int admob_layout_320_50_test
com.google.ads.R$layout:
    public static final int admob_320_50_test
com.google.ads.d:
    464:464:public final synchronized boolean o()
    777:778:public final synchronized void y()
com.google.ads.searchads.SearchAdRequest:
    88:89:public void setQuery(java.lang.String)
    98:104:public void setBackgroundColor(int)
    116:122:public void setBackgroundGradient(int,int)
    132:133:public void setHeaderTextColor(int)
    143:144:public void setDescriptionTextColor(int)
    154:155:public void setAnchorTextColor(int)
    163:164:public void setFontFace(java.lang.String)
    173:174:public void setHeaderTextSize(int)
    184:185:public void setBorderColor(int)
    192:193:public void setBorderType(com.google.ads.searchads.SearchAdRequest$BorderType)
    202:203:public void setBorderThickness(int)
easy.lib.R$attr
easy.lib.R$drawable:
    public static final int border
    public static final int button_layout
    public static final int button_layout_unselected
    public static final int circle_transparent
    public static final int favorites_add
    public static final int go
    public static final int home
    public static final int next
    public static final int prev
    public static final int round_corner
    public static final int round_corner_light
    public static final int round_corner_white